2015/03/10 10:46:21 sync_nodesJobs will be running after 3m
2015/03/10 10:46:21 ===
2015/03/10 10:46:21 sync_cloudsJobs will be running after 1m
2015/03/10 10:46:21 ===
2015/03/10 10:47:22 running {sync_clouds 1m sync_clouds} 1m
2015/03/10 10:48:21 running {sync_clouds 1m sync_clouds} 1m
2015/03/10 10:49:21 running {sync_clouds 1m sync_clouds} 1m
2015/03/10 10:49:21 running {sync_nodes 3m sync_nodes} 3m
2015/03/10 10:50:22 running {sync_clouds 1m sync_clouds} 1m
2015/03/10 10:51:21 running {sync_clouds 1m sync_clouds} 1m
2015/03/10 10:52:21 running {sync_clouds 1m sync_clouds} 1m
2015/03/10 10:52:21 running {sync_nodes 3m sync_nodes} 3m
2015/03/10 10:53:22 running {sync_clouds 1m sync_clouds} 1m
2015/03/10 10:54:21 running {sync_clouds 1m sync_clouds} 1m
2015/03/10 10:55:21 running {sync_nodes 3m sync_nodes} 3m
2015/03/10 10:55:21 running {sync_clouds 1m sync_clouds} 1m
2015/03/10 10:56:23 running {sync_clouds 1m sync_clouds} 1m
2015/03/10 10:57:21 running {sync_clouds 1m sync_clouds} 1m
2015/03/10 10:58:21 running {sync_nodes 3m sync_nodes} 3m
2015/03/10 10:58:21 running {sync_clouds 1m sync_clouds} 1m
2015/03/10 10:59:21 running {sync_clouds 1m sync_clouds} 1m
2015/03/10 11:00:21 running {sync_clouds 1m sync_clouds} 1m
2015/03/10 11:01:21 running {sync_nodes 3m sync_nodes} 3m
2015/03/10 11:01:21 running {sync_clouds 1m sync_clouds} 1m
2015/03/10 11:02:22 running {sync_clouds 1m sync_clouds} 1m
2015/03/10 11:03:21 running {sync_clouds 1m sync_clouds} 1m
2015/03/10 11:04:21 running {sync_nodes 3m sync_nodes} 3m
2015/03/10 11:04:21 running {sync_clouds 1m sync_clouds} 1m
2015/03/10 11:05:23 running {sync_clouds 1m sync_clouds} 1m
2015/03/10 11:06:21 running {sync_clouds 1m sync_clouds} 1m
2015/03/10 11:07:21 running {sync_clouds 1m sync_clouds} 1m
2015/03/10 11:07:21 running {sync_nodes 3m sync_nodes} 3m
2015/03/10 11:08:21 running {sync_clouds 1m sync_clouds} 1m
2015/03/10 11:09:21 running {sync_clouds 1m sync_clouds} 1m
2015/03/10 11:10:21 running {sync_clouds 1m sync_clouds} 1m
2015/03/10 11:10:21 running {sync_nodes 3m sync_nodes} 3m
2015/03/10 11:11:22 running {sync_clouds 1m sync_clouds} 1m
2015/03/10 11:12:21 running {sync_clouds 1m sync_clouds} 1m
2015/03/10 11:13:21 running {sync_nodes 3m sync_nodes} 3m
2015/03/10 11:13:21 running {sync_clouds 1m sync_clouds} 1m
2015/03/10 11:14:22 running {sync_clouds 1m sync_clouds} 1m
2015/03/10 11:15:21 running {sync_clouds 1m sync_clouds} 1m
2015/03/10 11:16:21 running {sync_nodes 3m sync_nodes} 3m
2015/03/10 11:16:21 running {sync_clouds 1m sync_clouds} 1m
2015/03/10 11:17:24 running {sync_clouds 1m sync_clouds} 1m
2015/03/10 11:18:21 running {sync_clouds 1m sync_clouds} 1m
2015/03/10 11:19:21 running {sync_nodes 3m sync_nodes} 3m
2015/03/10 11:19:21 running {sync_clouds 1m sync_clouds} 1m
2015/03/10 11:20:21 running {sync_clouds 1m sync_clouds} 1m
2015/03/10 11:21:21 running {sync_clouds 1m sync_clouds} 1m
2015/03/10 11:22:21 running {sync_clouds 1m sync_clouds} 1m
2015/03/10 11:22:21 running {sync_nodes 3m sync_nodes} 3m
2015/03/10 11:23:22 running {sync_clouds 1m sync_clouds} 1m
2015/03/10 11:24:21 running {sync_clouds 1m sync_clouds} 1m
2015/03/10 11:25:21 running {sync_nodes 3m sync_nodes} 3m
2015/03/10 11:25:21 running {sync_clouds 1m sync_clouds} 1m
2015/03/10 11:26:23 running {sync_clouds 1m sync_clouds} 1m
2015/03/10 11:27:21 running {sync_clouds 1m sync_clouds} 1m
2015/03/10 11:28:21 running {sync_nodes 3m sync_nodes} 3m
2015/03/10 11:28:21 running {sync_clouds 1m sync_clouds} 1m
2015/03/10 11:29:21 running {sync_clouds 1m sync_clouds} 1m
2015/03/10 11:30:21 running {sync_clouds 1m sync_clouds} 1m
2015/03/10 11:31:21 running {sync_clouds 1m sync_clouds} 1m
2015/03/10 11:31:21 running {sync_nodes 3m sync_nodes} 3m
2015/03/10 11:32:23 running {sync_clouds 1m sync_clouds} 1m
2015/03/10 11:33:21 running {sync_clouds 1m sync_clouds} 1m
2015/03/10 11:34:22 running {sync_nodes 3m sync_nodes} 3m
2015/03/10 11:34:22 running {sync_clouds 1m sync_clouds} 1m
2015/03/10 11:35:21 running {sync_clouds 1m sync_clouds} 1m
2015/03/10 11:36:21 running {sync_clouds 1m sync_clouds} 1m
2015/03/10 11:37:22 running {sync_clouds 1m sync_clouds} 1m
2015/03/10 11:37:22 running {sync_nodes 3m sync_nodes} 3m
2015/03/10 11:38:21 running {sync_clouds 1m sync_clouds} 1m
2015/03/10 11:39:21 running {sync_clouds 1m sync_clouds} 1m
2015/03/10 11:40:29 running {sync_nodes 3m sync_nodes} 3m
2015/03/10 11:40:29 running {sync_clouds 1m sync_clouds} 1m
2015/03/10 11:41:21 running {sync_clouds 1m sync_clouds} 1m
2015/03/10 11:42:25 running {sync_clouds 1m sync_clouds} 1m
2015/03/10 11:43:31 running {sync_clouds 1m sync_clouds} 1m
2015/03/10 11:43:31 running {sync_nodes 3m sync_nodes} 3m
2015/03/10 11:44:21 running {sync_clouds 1m sync_clouds} 1m
2015/03/10 11:45:21 running {sync_clouds 1m sync_clouds} 1m
2015/03/10 11:46:29 running {sync_nodes 3m sync_nodes} 3m
2015/03/10 11:46:29 running {sync_clouds 1m sync_clouds} 1m
2015/03/10 11:47:21 running {sync_clouds 1m sync_clouds} 1m
2015/03/10 11:48:21 running {sync_clouds 1m sync_clouds} 1m
2015/03/10 11:49:29 running {sync_clouds 1m sync_clouds} 1m
2015/03/10 11:49:29 running {sync_nodes 3m sync_nodes} 3m
2015/03/10 11:50:21 running {sync_clouds 1m sync_clouds} 1m
2015/03/10 11:51:21 running {sync_clouds 1m sync_clouds} 1m
2015/03/10 11:52:22 running {sync_clouds 1m sync_clouds} 1m
2015/03/10 11:52:22 running {sync_nodes 3m sync_nodes} 3m
2015/03/10 11:53:21 running {sync_clouds 1m sync_clouds} 1m
2015/03/10 11:54:21 running {sync_clouds 1m sync_clouds} 1m
2015/03/10 11:55:29 running {sync_clouds 1m sync_clouds} 1m
2015/03/10 11:55:29 running {sync_nodes 3m sync_nodes} 3m
2015/03/10 11:56:21 running {sync_clouds 1m sync_clouds} 1m
2015/03/10 11:57:21 running {sync_clouds 1m sync_clouds} 1m
2015/03/10 11:58:22 running {sync_clouds 1m sync_clouds} 1m
2015/03/10 11:58:22 running {sync_nodes 3m sync_nodes} 3m
2015/03/10 11:59:21 running {sync_clouds 1m sync_clouds} 1m
2015/03/10 12:00:21 running {sync_clouds 1m sync_clouds} 1m
2015/03/10 12:01:27 running {sync_clouds 1m sync_clouds} 1m
2015/03/10 12:01:27 running {sync_nodes 3m sync_nodes} 3m
2015/03/10 12:02:21 running {sync_clouds 1m sync_clouds} 1m
2015/03/10 12:03:21 running {sync_clouds 1m sync_clouds} 1m
2015/03/10 12:04:29 running {sync_clouds 1m sync_clouds} 1m
2015/03/10 12:04:29 running {sync_nodes 3m sync_nodes} 3m
2015/03/10 12:05:21 running {sync_clouds 1m sync_clouds} 1m
2015/03/10 12:06:21 running {sync_clouds 1m sync_clouds} 1m
2015/03/10 12:07:29 running {sync_nodes 3m sync_nodes} 3m
2015/03/10 12:07:29 running {sync_clouds 1m sync_clouds} 1m
2015/03/10 12:08:21 running {sync_clouds 1m sync_clouds} 1m
2015/03/10 12:09:21 running {sync_clouds 1m sync_clouds} 1m
2015/03/10 12:10:22 running {sync_nodes 3m sync_nodes} 3m
2015/03/10 12:10:22 running {sync_clouds 1m sync_clouds} 1m
2015/03/10 12:11:21 running {sync_clouds 1m sync_clouds} 1m
2015/03/10 12:12:21 running {sync_clouds 1m sync_clouds} 1m
2015/03/10 12:13:22 running {sync_clouds 1m sync_clouds} 1m
2015/03/10 12:13:22 running {sync_nodes 3m sync_nodes} 3m
2015/03/10 12:14:21 running {sync_clouds 1m sync_clouds} 1m
2015/03/10 12:15:21 running {sync_clouds 1m sync_clouds} 1m
2015/03/10 12:16:22 running {sync_clouds 1m sync_clouds} 1m
2015/03/10 12:16:22 running {sync_nodes 3m sync_nodes} 3m
2015/03/10 12:17:21 running {sync_clouds 1m sync_clouds} 1m
2015/03/10 12:18:21 running {sync_clouds 1m sync_clouds} 1m
2015/03/10 12:19:21 Failed to connect to RabbitMQ: Exception (501) Reason: "EOF"
